\BOOKMARK [0][]{chapter*.1}{\376\377\000A\000b\000s\000t\000r\000a\000c\000t}{}% 1
\BOOKMARK [0][]{chapter*.3}{\376\377\000P\000r\000e\000f\000a\000c\000e}{}% 2
\BOOKMARK [0][]{Contents.0}{\376\377\000T\000a\000b\000l\000e\000\040\000o\000f\000\040\000c\000o\000n\000t\000e\000n\000t\000s}{}% 3
\BOOKMARK [0][]{chapter.1}{\376\377\0001\000\040\000I\000n\000t\000r\000o\000d\000u\000c\000t\000i\000o\000n}{}% 4
\BOOKMARK [0][]{chapter.2}{\376\377\0002\000\040\000T\000h\000e\000o\000r\000y\000\040\000o\000f\000\040\000B\000+\000\040\000-\000d\000e\000c\000a\000y\000s\000;\000\040\000t\000h\000e\000\040\000S\000t\000a\000n\000d\000a\000r\000d\000\040\000M\000o\000d\000e\000l\000\040\000a\000n\000d\000\040\000b\000e\000y\000o\000n\000d}{}% 5
\BOOKMARK [1][]{section.2.1}{\376\377\0002\000.\0001\000\040\000B\0000\000\050\000s\000\051\000+\000\040\000-\000\040\000d\000e\000c\000a\000y\000s\000\040\000i\000n\000\040\000t\000h\000e\000\040\000S\000t\000a\000n\000d\000a\000r\000d\000\040\000M\000o\000d\000e\000l}{chapter.2}% 6
\BOOKMARK [1][]{section.2.2}{\376\377\0002\000.\0002\000\040\000B\0000\000\050\000s\000\051\000\040\000+\000\040\000-\000\040\000B\000r\000a\000n\000c\000h\000i\000n\000g\000\040\000F\000r\000a\000c\000t\000i\000o\000n}{chapter.2}% 7
\BOOKMARK [1][]{section.2.3}{\376\377\0002\000.\0003\000\040\000Q\000u\000a\000r\000k\000\040\000m\000i\000x\000i\000n\000g}{chapter.2}% 8
\BOOKMARK [2][]{subsection.2.3.1}{\376\377\0002\000.\0003\000.\0001\000\040\000T\000i\000m\000e\000\040\000e\000v\000o\000l\000u\000t\000i\000o\000n\000\040\000o\000f\000\040\000t\000h\000e\000\040\000B\000\050\000s\000\051\0000}{section.2.3}% 9
\BOOKMARK [2][]{subsection.2.3.2}{\376\377\0002\000.\0003\000.\0002\000\040\000I\000m\000p\000a\000c\000t\000\040\000o\000n\000\040\000t\000h\000e\000\040\000B\000r\000a\000n\000c\000h\000i\000n\000g\000\040\000F\000r\000a\000c\000t\000i\000o\000n}{section.2.3}% 10
\BOOKMARK [1][]{section.2.4}{\376\377\0002\000.\0004\000\040\000A\000\040\000a\000n\000d\000\040\000t\000h\000e\000\040\000e\000f\000f\000e\000c\000t\000i\000v\000e\000\040\000l\000i\000f\000e\000t\000i\000m\000e}{chapter.2}% 11
\BOOKMARK [1][]{section.2.5}{\376\377\0002\000.\0005\000\040\000T\000h\000e\000\040\000S\000t\000a\000n\000d\000a\000r\000d\000\040\000M\000o\000d\000e\000l\000\040\000p\000r\000e\000d\000i\000c\000t\000i\000o\000n\000s}{chapter.2}% 12
\BOOKMARK [1][]{section.2.6}{\376\377\0002\000.\0006\000\040\000N\000e\000w\000\040\000P\000h\000y\000s\000i\000c\000s\000\040\000m\000o\000d\000e\000l\000s\000\040\000a\000n\000d\000\040\000B\0000\000\050\000s\000\051\000\040\000+\000\040\000-\000\040\000d\000e\000c\000a\000y\000s}{chapter.2}% 13
\BOOKMARK [0][]{chapter.3}{\376\377\0003\000\040\000T\000h\000e\000\040\000L\000H\000C\000\040\000a\000n\000d\000\040\000t\000h\000e\000\040\000L\000H\000C\000b\000\040\000e\000x\000p\000e\000r\000i\000m\000e\000n\000t}{}% 14
\BOOKMARK [1][]{section.3.1}{\376\377\0003\000.\0001\000\040\000T\000h\000e\000\040\000L\000a\000r\000g\000e\000\040\000H\000a\000d\000r\000o\000n\000\040\000C\000o\000l\000l\000i\000d\000e\000r}{chapter.3}% 15
\BOOKMARK [1][]{section.3.2}{\376\377\0003\000.\0002\000\040\000T\000h\000e\000\040\000L\000H\000C\000b\000\040\000e\000x\000p\000e\000r\000i\000m\000e\000n\000t}{chapter.3}% 16
\BOOKMARK [2][]{subsection.3.2.1}{\376\377\0003\000.\0002\000.\0001\000\040\000T\000r\000a\000c\000k\000i\000n\000g}{section.3.2}% 17
\BOOKMARK [2][]{subsection.3.2.2}{\376\377\0003\000.\0002\000.\0002\000\040\000P\000a\000r\000t\000i\000c\000l\000e\000\040\000i\000d\000e\000n\000t\000i\000f\000i\000c\000a\000t\000i\000o\000n}{section.3.2}% 18
\BOOKMARK [2][]{subsection.3.2.3}{\376\377\0003\000.\0002\000.\0003\000\040\000T\000r\000i\000g\000g\000e\000r}{section.3.2}% 19
\BOOKMARK [2][]{subsection.3.2.4}{\376\377\0003\000.\0002\000.\0004\000\040\000S\000o\000f\000t\000w\000a\000r\000e\000\040\000a\000n\000d\000\040\000s\000i\000m\000u\000l\000a\000t\000i\000o\000n}{section.3.2}% 20
\BOOKMARK [1][]{section.3.3}{\376\377\0003\000.\0003\000\040\000S\000u\000m\000m\000a\000r\000y}{chapter.3}% 21
\BOOKMARK [0][]{chapter.4}{\376\377\0004\000\040\000E\000v\000e\000n\000t\000\040\000s\000e\000l\000e\000c\000t\000i\000o\000n}{}% 22
\BOOKMARK [1][]{section.4.1}{\376\377\0004\000.\0001\000\040\000B\000a\000c\000k\000g\000r\000o\000u\000n\000d\000\040\000s\000o\000u\000r\000c\000e\000s}{chapter.4}% 23
\BOOKMARK [1][]{section.4.2}{\376\377\0004\000.\0002\000\040\000S\000i\000m\000u\000l\000a\000t\000e\000d\000\040\000p\000a\000r\000t\000i\000c\000l\000e\000\040\000d\000e\000c\000a\000y\000s}{chapter.4}% 24
\BOOKMARK [1][]{section.4.3}{\376\377\0004\000.\0003\000\040\000E\000v\000e\000n\000t\000\040\000s\000e\000l\000e\000c\000t\000i\000o\000n\000\040\000f\000o\000r\000\040\000b\000r\000a\000n\000c\000h\000i\000n\000g\000\040\000f\000r\000a\000c\000t\000i\000o\000n\000\040\000m\000e\000a\000s\000u\000r\000e\000m\000e\000n\000t\000s}{chapter.4}% 25
\BOOKMARK [2][]{subsection.4.3.1}{\376\377\0004\000.\0003\000.\0001\000\040\000T\000r\000i\000g\000g\000e\000r\000\040\000r\000e\000q\000u\000i\000r\000e\000m\000e\000n\000t\000s}{section.4.3}% 26
\BOOKMARK [2][]{subsection.4.3.2}{\376\377\0004\000.\0003\000.\0002\000\040\000C\000u\000t\000-\000b\000a\000s\000e\000d\000\040\000s\000e\000l\000e\000c\000t\000i\000o\000n}{section.4.3}% 27
\BOOKMARK [2][]{subsection.4.3.3}{\376\377\0004\000.\0003\000.\0003\000\040\000P\000a\000r\000t\000i\000c\000l\000e\000\040\000i\000d\000e\000n\000t\000i\000f\000i\000c\000a\000t\000i\000o\000n}{section.4.3}% 28
\BOOKMARK [2][]{subsection.4.3.4}{\376\377\0004\000.\0003\000.\0004\000\040\000M\000u\000l\000t\000i\000v\000a\000r\000i\000a\000t\000e\000\040\000C\000l\000a\000s\000s\000i\000f\000i\000e\000r\000s}{section.4.3}% 29
\BOOKMARK [2][]{subsection.4.3.5}{\376\377\0004\000.\0003\000.\0005\000\040\000S\000u\000m\000m\000a\000r\000y}{section.4.3}% 30
\BOOKMARK [1][]{section.4.4}{\376\377\0004\000.\0004\000\040\000S\000e\000l\000e\000c\000t\000i\000o\000n\000\040\000f\000o\000r\000\040\000t\000h\000e\000\040\000e\000f\000f\000e\000c\000t\000i\000v\000e\000\040\000l\000i\000f\000e\000t\000i\000m\000e\000\040\000m\000e\000a\000s\000u\000r\000e\000m\000e\000n\000t}{chapter.4}% 31
\BOOKMARK [2][]{subsection.4.4.1}{\376\377\0004\000.\0004\000.\0001\000\040\000T\000r\000i\000g\000g\000e\000r\000\040\000r\000e\000q\000u\000i\000r\000e\000m\000e\000n\000t\000s}{section.4.4}% 32
\BOOKMARK [2][]{subsection.4.4.2}{\376\377\0004\000.\0004\000.\0002\000\040\000M\000a\000s\000s\000\040\000r\000a\000n\000g\000e}{section.4.4}% 33
\BOOKMARK [2][]{subsection.4.4.3}{\376\377\0004\000.\0004\000.\0003\000\040\000P\000a\000r\000t\000i\000c\000l\000e\000\040\000i\000d\000e\000n\000t\000i\000f\000i\000c\000a\000t\000i\000o\000n}{section.4.4}% 34
\BOOKMARK [2][]{subsection.4.4.4}{\376\377\0004\000.\0004\000.\0004\000\040\000M\000u\000l\000t\000i\000v\000a\000r\000i\000a\000t\000e\000\040\000c\000l\000a\000s\000s\000i\000f\000i\000e\000r}{section.4.4}% 35
\BOOKMARK [2][]{subsection.4.4.5}{\376\377\0004\000.\0004\000.\0005\000\040\000S\000u\000m\000m\000a\000r\000y}{section.4.4}% 36
\BOOKMARK [0][]{chapter.5}{\376\377\0005\000\040\000M\000e\000a\000s\000u\000r\000e\000m\000e\000n\000t\000\040\000o\000f\000\040\000B\0000\000\050\000s\000\051\000\040\000+\000\040\000-\000\040\000b\000r\000a\000n\000c\000h\000i\000n\000g\000\040\000f\000r\000a\000c\000t\000i\000o\000n\000s}{}% 37
\BOOKMARK [1][]{section.5.1}{\376\377\0005\000.\0001\000\040\000A\000n\000a\000l\000y\000s\000i\000s\000\040\000s\000t\000r\000a\000t\000e\000g\000y}{chapter.5}% 38
\BOOKMARK [1][]{section.5.2}{\376\377\0005\000.\0002\000\040\000B\0000\000\050\000s\000\051\000\040\000+\000\040\000-\000\040\000m\000a\000s\000s\000\040\000a\000n\000d\000\040\000B\000D\000T\000\040\000P\000D\000F\000s}{chapter.5}% 39
\BOOKMARK [2][]{subsection.5.2.1}{\376\377\0005\000.\0002\000.\0001\000\040\000M\000a\000s\000s\000\040\000P\000D\000F\000s}{section.5.2}% 40
\BOOKMARK [2][]{subsection.5.2.2}{\376\377\0005\000.\0002\000.\0002\000\040\000B\000D\000T\000\040\000P\000D\000F\000s}{section.5.2}% 41
\BOOKMARK [2][]{subsection.5.2.3}{\376\377\0005\000.\0002\000.\0003\000\040\000D\000e\000c\000a\000y\000\040\000t\000i\000m\000e\000\040\000d\000e\000p\000e\000n\000d\000e\000n\000c\000e}{section.5.2}% 42
\BOOKMARK [1][]{section.5.3}{\376\377\0005\000.\0003\000\040\000B\000a\000c\000k\000g\000r\000o\000u\000n\000d\000\040\000m\000a\000s\000s\000\040\000P\000D\000F\000s\000\040\000a\000n\000d\000\040\000e\000x\000p\000e\000c\000t\000e\000d\000\040\000y\000i\000e\000l\000d\000s}{chapter.5}% 43
\BOOKMARK [2][]{subsection.5.3.1}{\376\377\0005\000.\0003\000.\0001\000\040\000B\000\040\000h\000+\000\040\000h\000'\000-}{section.5.3}% 44
\BOOKMARK [2][]{subsection.5.3.2}{\376\377\0005\000.\0003\000.\0002\000\040\000S\000e\000m\000i\000-\000l\000e\000p\000t\000o\000n\000i\000c\000\040\000d\000e\000c\000a\000y\000s}{section.5.3}% 45
\BOOKMARK [2][]{subsection.5.3.3}{\376\377\0005\000.\0003\000.\0003\000\040\000C\000o\000m\000b\000i\000n\000a\000t\000o\000r\000i\000a\000l\000\040\000b\000a\000c\000k\000g\000r\000o\000u\000n\000d}{section.5.3}% 46
\BOOKMARK [1][]{section.5.4}{\376\377\0005\000.\0004\000\040\000N\000o\000r\000m\000a\000l\000i\000s\000a\000t\000i\000o\000n}{chapter.5}% 47
\BOOKMARK [2][]{subsection.5.4.1}{\376\377\0005\000.\0004\000.\0001\000\040\000B\0000\000\040\000K\000+\000\040\000-\000\040\000a\000n\000d\000\040\000B\000+\000\040\000J\000/\000K\000+\000\040\000y\000i\000e\000l\000d\000s}{section.5.4}% 48
\BOOKMARK [2][]{subsection.5.4.2}{\376\377\0005\000.\0004\000.\0002\000\040\000E\000f\000f\000i\000c\000i\000e\000n\000c\000y\000\040\000r\000a\000t\000i\000o}{section.5.4}% 49
\BOOKMARK [2][]{subsection.5.4.3}{\376\377\0005\000.\0004\000.\0003\000\040\000H\000a\000d\000r\000o\000n\000i\000s\000a\000t\000i\000o\000n\000\040\000f\000a\000c\000t\000o\000r\000s}{section.5.4}% 50
\BOOKMARK [2][]{subsection.5.4.4}{\376\377\0005\000.\0004\000.\0004\000\040\000N\000o\000r\000m\000a\000l\000i\000s\000a\000t\000i\000o\000n\000\040\000p\000a\000r\000a\000m\000e\000t\000e\000r\000s}{section.5.4}% 51
\BOOKMARK [1][]{section.5.5}{\376\377\0005\000.\0005\000\040\000R\000e\000s\000u\000l\000t\000s}{chapter.5}% 52
\BOOKMARK [0][]{chapter.6}{\376\377\0006\000\040\000M\000e\000a\000s\000u\000r\000e\000m\000e\000n\000t\000\040\000o\000f\000\040\000t\000h\000e\000\040\000B\000s\0000\000\040\000+\000\040\000-\000e\000f\000f\000e\000c\000t\000i\000v\000e\000\040\000l\000i\000f\000e\000t\000i\000m\000e}{}% 53
\BOOKMARK [1][]{section.6.1}{\376\377\0006\000.\0001\000\040\000A\000n\000a\000l\000y\000s\000i\000s\000\040\000s\000t\000r\000a\000t\000e\000g\000y}{chapter.6}% 54
\BOOKMARK [1][]{section.6.2}{\376\377\0006\000.\0002\000\040\000M\000a\000s\000s\000\040\000P\000D\000F\000s}{chapter.6}% 55
\BOOKMARK [1][]{section.6.3}{\376\377\0006\000.\0003\000\040\000D\000e\000c\000a\000y\000\040\000t\000i\000m\000e\000\040\000d\000i\000s\000t\000r\000i\000b\000u\000t\000i\000o\000n\000s}{chapter.6}% 56
\BOOKMARK [2][]{subsection.6.3.1}{\376\377\0006\000.\0003\000.\0001\000\040\000B\000s\0000\000\040\000+\000\040\000-\000\040\000P\000D\000F}{section.6.3}% 57
\BOOKMARK [2][]{subsection.6.3.2}{\376\377\0006\000.\0003\000.\0002\000\040\000B\000a\000c\000k\000g\000r\000o\000u\000n\000d\000\040\000P\000D\000F\000s}{section.6.3}% 58
\BOOKMARK [1][]{section.6.4}{\376\377\0006\000.\0004\000\040\000M\000e\000a\000s\000u\000r\000e\000m\000e\000n\000t\000\040\000s\000t\000r\000a\000t\000e\000g\000y}{chapter.6}% 59
\BOOKMARK [2][]{subsection.6.4.1}{\376\377\0006\000.\0004\000.\0001\000\040\000T\000o\000\040\000f\000i\000t\000\040\000f\000o\000r\000\040\000\040\000o\000r\000\040\000-\0001\000?}{section.6.4}% 60
\BOOKMARK [2][]{subsection.6.4.2}{\376\377\0006\000.\0004\000.\0002\000\040\000O\000p\000t\000i\000m\000i\000s\000a\000t\000i\000o\000n\000\040\000o\000f\000\040\000f\000i\000t\000\040\000c\000o\000n\000f\000i\000g\000u\000r\000a\000t\000i\000o\000n}{section.6.4}% 61
\BOOKMARK [1][]{section.6.5}{\376\377\0006\000.\0005\000\040\000R\000e\000s\000u\000l\000t\000s}{chapter.6}% 62
\BOOKMARK [0][]{chapter.7}{\376\377\0007\000\040\000S\000y\000s\000t\000e\000m\000a\000t\000i\000c\000\040\000u\000n\000c\000e\000r\000t\000a\000i\000n\000t\000i\000e\000s\000\040\000a\000n\000d\000\040\000c\000r\000o\000s\000s\000\040\000c\000h\000e\000c\000k\000s\000\040\000o\000n\000\040\000t\000h\000e\000\040\000e\000f\000f\000e\000c\000t\000i\000v\000e\000\040\000l\000i\000f\000e\000t\000i\000m\000e}{}% 63
\BOOKMARK [1][]{section.7.1}{\376\377\0007\000.\0001\000\040\000A\000c\000c\000u\000r\000a\000c\000y\000\040\000o\000f\000\040\000t\000h\000e\000\040\000f\000i\000t}{chapter.7}% 64
\BOOKMARK [2][]{subsection.7.1.1}{\376\377\0007\000.\0001\000.\0001\000\040\000F\000i\000t\000\040\000s\000t\000a\000b\000i\000l\000i\000t\000y\000\040\000w\000i\000t\000h\000\040\000\040\000v\000a\000l\000u\000e\000s}{section.7.1}% 65
\BOOKMARK [2][]{subsection.7.1.2}{\376\377\0007\000.\0001\000.\0002\000\040\000B\000s\0000\000\040\000+\000\040\000-\000\040\000y\000i\000e\000l\000d\000\040\000e\000s\000t\000i\000m\000a\000t\000i\000o\000n}{section.7.1}% 66
\BOOKMARK [2][]{subsection.7.1.3}{\376\377\0007\000.\0001\000.\0003\000\040\000O\000v\000e\000r\000a\000l\000l\000\040\000b\000i\000a\000s\000\040\000o\000n\000\040}{section.7.1}% 67
\BOOKMARK [1][]{section.7.2}{\376\377\0007\000.\0002\000\040\000B\000a\000c\000k\000g\000r\000o\000u\000n\000d\000\040\000c\000o\000n\000t\000a\000m\000i\000n\000a\000t\000i\000o\000n}{chapter.7}% 68
\BOOKMARK [1][]{section.7.3}{\376\377\0007\000.\0003\000\040\000M\000a\000s\000s\000\040\000P\000D\000F\000\040\000p\000a\000r\000a\000m\000e\000t\000e\000r\000s}{chapter.7}% 69
\BOOKMARK [1][]{section.7.4}{\376\377\0007\000.\0004\000\040\000A\000c\000c\000e\000p\000t\000a\000n\000c\000e\000\040\000f\000u\000n\000c\000t\000i\000o\000n\000\040\000a\000c\000c\000u\000r\000a\000c\000y}{chapter.7}% 70
\BOOKMARK [1][]{section.7.5}{\376\377\0007\000.\0005\000\040\000I\000n\000c\000o\000r\000r\000e\000c\000t\000l\000y\000\040\000a\000s\000s\000i\000g\000n\000e\000d\000\040\000p\000r\000i\000m\000a\000r\000y\000\040\000v\000e\000r\000t\000i\000c\000e\000s\000\040\000a\000n\000d\000\040\000t\000h\000e\000\040\000d\000e\000t\000e\000c\000t\000o\000r\000\040\000r\000e\000s\000o\000l\000u\000t\000i\000o\000n}{chapter.7}% 71
\BOOKMARK [1][]{section.7.6}{\376\377\0007\000.\0006\000\040\000C\000o\000m\000b\000i\000n\000a\000t\000o\000r\000i\000a\000l\000\040\000b\000a\000c\000k\000g\000r\000o\000u\000n\000d\000\040\000d\000e\000c\000a\000y\000\040\000t\000i\000m\000e\000\040\000m\000o\000d\000e\000l}{chapter.7}% 72
\BOOKMARK [1][]{section.7.7}{\376\377\0007\000.\0007\000\040\000M\000i\000x\000\040\000o\000f\000\040\000B\000s\0000\000\040\000m\000a\000s\000s\000\040\000e\000i\000g\000e\000n\000s\000t\000a\000t\000e\000s}{chapter.7}% 73
\BOOKMARK [1][]{section.7.8}{\376\377\0007\000.\0008\000\040\000P\000r\000o\000d\000u\000c\000t\000i\000o\000n\000\040\000a\000s\000y\000m\000m\000e\000t\000r\000y\000\040\000o\000f\000\040\000B\000s\0000\000\040\000a\000n\000d\000\040\000B\000s\0000}{chapter.7}% 74
\BOOKMARK [1][]{section.7.9}{\376\377\0007\000.\0009\000\040\000S\000u\000m\000m\000a\000r\000y}{chapter.7}% 75
\BOOKMARK [0][]{chapter.8}{\376\377\0008\000\040\000S\000u\000m\000m\000a\000r\000y\000\040\000a\000n\000d\000\040\000O\000u\000t\000l\000o\000o\000k}{}% 76
\BOOKMARK [1][]{section.8.1}{\376\377\0008\000.\0001\000\040\000S\000u\000m\000m\000a\000r\000y}{chapter.8}% 77
\BOOKMARK [1][]{section.8.2}{\376\377\0008\000.\0002\000\040\000O\000u\000t\000l\000o\000o\000k}{chapter.8}% 78
\BOOKMARK [0][]{chapter*.140}{\376\377\000B\000i\000b\000l\000i\000o\000g\000r\000a\000p\000h\000y}{}% 79
\BOOKMARK [0][]{Appendix.a.A}{\376\377\000A\000p\000p\000e\000n\000d\000i\000x\000\040\000A\000\040\000D\000i\000s\000t\000r\000i\000b\000u\000t\000i\000o\000n\000s\000\040\000o\000f\000\040\000i\000n\000p\000u\000t\000\040\000v\000a\000r\000i\000a\000b\000l\000e\000s\000\040\000f\000o\000r\000\040\000t\000h\000e\000\040\000g\000l\000o\000b\000a\000l\000\040\000B\000D\000T}{}% 80
\BOOKMARK [0][]{Appendix.a.B}{\376\377\000A\000p\000p\000e\000n\000d\000i\000x\000\040\000B\000\040\000M\000u\000l\000t\000i\000v\000a\000r\000i\000a\000t\000e\000\040\000c\000l\000a\000s\000s\000i\000f\000i\000e\000r\000\040\000d\000e\000v\000e\000l\000o\000p\000m\000e\000n\000t}{}% 81
\BOOKMARK [1][]{section.a.B.1}{\376\377\000B\000.\0001\000\040\000I\000n\000p\000u\000t\000\040\000v\000a\000r\000i\000a\000b\000l\000e\000s}{Appendix.a.B}% 82
\BOOKMARK [1][]{section.a.B.2}{\376\377\000B\000.\0002\000\040\000T\000r\000a\000i\000n\000i\000n\000g\000\040\000p\000a\000r\000a\000m\000e\000t\000e\000r\000s}{Appendix.a.B}% 83
\BOOKMARK [1][]{section.a.B.3}{\376\377\000B\000.\0003\000\040\000O\000v\000e\000r\000t\000r\000a\000i\000n\000i\000n\000g\000\040\000t\000e\000s\000t}{Appendix.a.B}% 84
